[debug] [2022-10-28T01:29:22.272Z] ----------------------------------------------------------------------
[debug] [2022-10-28T01:29:22.274Z] Command:       /usr/bin/node /usr/bin/firebase init
[debug] [2022-10-28T01:29:22.274Z] CLI Version:   11.15.0
[debug] [2022-10-28T01:29:22.275Z] Platform:      linux
[debug] [2022-10-28T01:29:22.275Z] Node Version:  v14.19.3
[debug] [2022-10-28T01:29:22.275Z] Time:          Fri Oct 28 2022 03:29:22 GMT+0200 (czas środkowoeuropejski letni)
[debug] [2022-10-28T01:29:22.275Z] ----------------------------------------------------------------------
[debug] 
[debug] [2022-10-28T01:29:22.280Z] > command requires scopes: ["email","openid","https://www.googleapis.com/auth/cloudplatformprojects.readonly","https://www.googleapis.com/auth/firebase","https://www.googleapis.com/auth/cloud-platform"]
[debug] [2022-10-28T01:29:22.280Z] > authorizing via signed-in user (dankuzmina@gmail.com)
[info] 
     ######## #### ########  ######## ########     ###     ######  ########
     ##        ##  ##     ## ##       ##     ##  ##   ##  ##       ##
     ######    ##  ########  ######   ########  #########  ######  ######
     ##        ##  ##    ##  ##       ##     ## ##     ##       ## ##
     ##       #### ##     ## ######## ########  ##     ##  ######  ########

You're about to initialize a Firebase project in this directory:

  /home/kuzmina/Pulpit/recipe

[info] 
=== Project Setup
[info] 
[info] First, let's associate this project directory with a Firebase project.
[info] You can create multiple project aliases by running firebase use --add, 
[info] but for now we'll just set up a default project.
[info] 
[debug] [2022-10-28T01:30:29.555Z] > refreshing access token with scopes: []
[debug] [2022-10-28T01:30:29.556Z] >>> [apiv2][query] POST https://www.googleapis.com/oauth2/v3/token [none]
[debug] [2022-10-28T01:30:29.556Z] >>> [apiv2][body] POST https://www.googleapis.com/oauth2/v3/token [omitted]
[debug] [2022-10-28T01:30:29.820Z] <<< [apiv2][status] POST https://www.googleapis.com/oauth2/v3/token 400
[debug] [2022-10-28T01:30:29.820Z] <<< [apiv2][body] POST https://www.googleapis.com/oauth2/v3/token [omitted]
[debug] [2022-10-28T01:30:29.821Z] >>> [apiv2][query] GET https://firebase.googleapis.com/v1beta1/projects pageSize=100
[debug] [2022-10-28T01:30:29.975Z] <<< [apiv2][status] GET https://firebase.googleapis.com/v1beta1/projects 401
[debug] [2022-10-28T01:30:29.975Z] <<< [apiv2][body] GET https://firebase.googleapis.com/v1beta1/projects [omitted]
[debug] [2022-10-28T01:30:29.976Z] HTTP Error: 401, Request had invalid authentication credentials. Expected OAuth 2 access token, login cookie or other valid authentication credential. See https://developers.google.com/identity/sign-in/web/devconsole-project.
[debug] [2022-10-28T01:30:30.131Z] FirebaseError: HTTP Error: 401, Request had invalid authentication credentials. Expected OAuth 2 access token, login cookie or other valid authentication credential. See https://developers.google.com/identity/sign-in/web/devconsole-project.
    at responseToError (/usr/lib/node_modules/firebase-tools/lib/responseToError.js:49:12)
    at RetryOperation._fn (/usr/lib/node_modules/firebase-tools/lib/apiv2.js:288:77)
    at processTicksAndRejections (internal/process/task_queues.js:95:5)
[error] 
[error] Error: Failed to list Firebase projects. See firebase-debug.log for more info.
[debug] [2022-10-28T01:30:42.767Z] ----------------------------------------------------------------------
[debug] [2022-10-28T01:30:42.769Z] Command:       /usr/bin/node /usr/bin/firebase init
[debug] [2022-10-28T01:30:42.769Z] CLI Version:   11.15.0
[debug] [2022-10-28T01:30:42.769Z] Platform:      linux
[debug] [2022-10-28T01:30:42.769Z] Node Version:  v14.19.3
[debug] [2022-10-28T01:30:42.770Z] Time:          Fri Oct 28 2022 03:30:42 GMT+0200 (czas środkowoeuropejski letni)
[debug] [2022-10-28T01:30:42.770Z] ----------------------------------------------------------------------
[debug] 
[debug] [2022-10-28T01:30:42.775Z] > command requires scopes: ["email","openid","https://www.googleapis.com/auth/cloudplatformprojects.readonly","https://www.googleapis.com/auth/firebase","https://www.googleapis.com/auth/cloud-platform"]
[debug] [2022-10-28T01:30:42.775Z] > authorizing via signed-in user (dankuzmina@gmail.com)
[info] 
     ######## #### ########  ######## ########     ###     ######  ########
     ##        ##  ##     ## ##       ##     ##  ##   ##  ##       ##
     ######    ##  ########  ######   ########  #########  ######  ######
     ##        ##  ##    ##  ##       ##     ## ##     ##       ## ##
     ##       #### ##     ## ######## ########  ##     ##  ######  ########

You're about to initialize a Firebase project in this directory:

  /home/kuzmina/Pulpit/recipe

[info] 
=== Project Setup
[info] 
[info] First, let's associate this project directory with a Firebase project.
[info] You can create multiple project aliases by running firebase use --add, 
[info] but for now we'll just set up a default project.
[info] 
[debug] [2022-10-28T01:30:49.883Z] > refreshing access token with scopes: []
[debug] [2022-10-28T01:30:49.886Z] >>> [apiv2][query] POST https://www.googleapis.com/oauth2/v3/token [none]
[debug] [2022-10-28T01:30:49.886Z] >>> [apiv2][body] POST https://www.googleapis.com/oauth2/v3/token [omitted]
[debug] [2022-10-28T01:30:50.112Z] <<< [apiv2][status] POST https://www.googleapis.com/oauth2/v3/token 400
[debug] [2022-10-28T01:30:50.112Z] <<< [apiv2][body] POST https://www.googleapis.com/oauth2/v3/token [omitted]
[debug] [2022-10-28T01:30:50.113Z] >>> [apiv2][query] GET https://firebase.googleapis.com/v1beta1/projects pageSize=100
[debug] [2022-10-28T01:30:50.443Z] <<< [apiv2][status] GET https://firebase.googleapis.com/v1beta1/projects 401
[debug] [2022-10-28T01:30:50.443Z] <<< [apiv2][body] GET https://firebase.googleapis.com/v1beta1/projects [omitted]
[debug] [2022-10-28T01:30:50.443Z] HTTP Error: 401, Request had invalid authentication credentials. Expected OAuth 2 access token, login cookie or other valid authentication credential. See https://developers.google.com/identity/sign-in/web/devconsole-project.
[debug] [2022-10-28T01:30:50.548Z] FirebaseError: HTTP Error: 401, Request had invalid authentication credentials. Expected OAuth 2 access token, login cookie or other valid authentication credential. See https://developers.google.com/identity/sign-in/web/devconsole-project.
    at responseToError (/usr/lib/node_modules/firebase-tools/lib/responseToError.js:49:12)
    at RetryOperation._fn (/usr/lib/node_modules/firebase-tools/lib/apiv2.js:288:77)
    at processTicksAndRejections (internal/process/task_queues.js:95:5)
[error] 
[error] Error: Failed to list Firebase projects. See firebase-debug.log for more info.
[debug] [2022-10-28T01:31:00.476Z] ----------------------------------------------------------------------
[debug] [2022-10-28T01:31:00.478Z] Command:       /usr/bin/node /usr/bin/firebase init
[debug] [2022-10-28T01:31:00.478Z] CLI Version:   11.15.0
[debug] [2022-10-28T01:31:00.478Z] Platform:      linux
[debug] [2022-10-28T01:31:00.479Z] Node Version:  v14.19.3
[debug] [2022-10-28T01:31:00.479Z] Time:          Fri Oct 28 2022 03:31:00 GMT+0200 (czas środkowoeuropejski letni)
[debug] [2022-10-28T01:31:00.479Z] ----------------------------------------------------------------------
[debug] 
[debug] [2022-10-28T01:31:00.484Z] > command requires scopes: ["email","openid","https://www.googleapis.com/auth/cloudplatformprojects.readonly","https://www.googleapis.com/auth/firebase","https://www.googleapis.com/auth/cloud-platform"]
[debug] [2022-10-28T01:31:00.484Z] > authorizing via signed-in user (dankuzmina@gmail.com)
[info] 
     ######## #### ########  ######## ########     ###     ######  ########
     ##        ##  ##     ## ##       ##     ##  ##   ##  ##       ##
     ######    ##  ########  ######   ########  #########  ######  ######
     ##        ##  ##    ##  ##       ##     ## ##     ##       ## ##
     ##       #### ##     ## ######## ########  ##     ##  ######  ########

You're about to initialize a Firebase project in this directory:

  /home/kuzmina/Pulpit/recipe

[info] 
=== Project Setup
[info] 
[info] First, let's associate this project directory with a Firebase project.
[info] You can create multiple project aliases by running firebase use --add, 
[info] but for now we'll just set up a default project.
[info] 
[debug] [2022-10-28T01:31:23.978Z] > refreshing access token with scopes: []
[debug] [2022-10-28T01:31:23.980Z] >>> [apiv2][query] POST https://www.googleapis.com/oauth2/v3/token [none]
[debug] [2022-10-28T01:31:23.980Z] >>> [apiv2][body] POST https://www.googleapis.com/oauth2/v3/token [omitted]
[debug] [2022-10-28T01:31:24.160Z] <<< [apiv2][status] POST https://www.googleapis.com/oauth2/v3/token 400
[debug] [2022-10-28T01:31:24.160Z] <<< [apiv2][body] POST https://www.googleapis.com/oauth2/v3/token [omitted]
[debug] [2022-10-28T01:31:24.161Z] >>> [apiv2][query] GET https://firebase.googleapis.com/v1beta1/projects pageSize=100
[debug] [2022-10-28T01:31:24.351Z] <<< [apiv2][status] GET https://firebase.googleapis.com/v1beta1/projects 401
[debug] [2022-10-28T01:31:24.351Z] <<< [apiv2][body] GET https://firebase.googleapis.com/v1beta1/projects [omitted]
[debug] [2022-10-28T01:31:24.352Z] HTTP Error: 401, Request had invalid authentication credentials. Expected OAuth 2 access token, login cookie or other valid authentication credential. See https://developers.google.com/identity/sign-in/web/devconsole-project.
[debug] [2022-10-28T01:31:24.438Z] FirebaseError: HTTP Error: 401, Request had invalid authentication credentials. Expected OAuth 2 access token, login cookie or other valid authentication credential. See https://developers.google.com/identity/sign-in/web/devconsole-project.
    at responseToError (/usr/lib/node_modules/firebase-tools/lib/responseToError.js:49:12)
    at RetryOperation._fn (/usr/lib/node_modules/firebase-tools/lib/apiv2.js:288:77)
    at processTicksAndRejections (internal/process/task_queues.js:95:5)
[error] 
[error] Error: Failed to list Firebase projects. See firebase-debug.log for more info.
